2025-06-29 14:43:38 Error: [MissingControllerException] Controller class CssController could not be found.
Exception Attributes: array (
  'class' => 'CssController',
  'plugin' => NULL,
)
Request URL: /css/cake.generic.css
Stack Trace:
#0 /var/www/html/app/webroot/index.php(118): Dispatcher->dispatch(Object(CakeRequest), Object(CakeResponse))
#1 /var/www/html/index.php(41): require('/var/www/html/a...')
#2 {main}
2025-06-29 14:43:39 Error: [MissingControllerException] Controller class ImgController could not be found.
Exception Attributes: array (
  'class' => 'ImgController',
  'plugin' => NULL,
)
Request URL: /img/cake.power.gif
Stack Trace:
#0 /var/www/html/app/webroot/index.php(118): Dispatcher->dispatch(Object(CakeRequest), Object(CakeResponse))
#1 /var/www/html/index.php(41): require('/var/www/html/a...')
#2 {main}
2025-06-29 14:43:39 Error: [MissingControllerException] Controller class Favicon.icoController could not be found.
Exception Attributes: array (
  'class' => 'Favicon.icoController',
  'plugin' => NULL,
)
Request URL: /favicon.ico
Stack Trace:
#0 /var/www/html/app/webroot/index.php(118): Dispatcher->dispatch(Object(CakeRequest), Object(CakeResponse))
#1 /var/www/html/index.php(41): require('/var/www/html/a...')
#2 {main}
2025-06-29 14:43:45 Error: [MissingControllerException] Controller class BlogController could not be found.
Exception Attributes: array (
  'class' => 'BlogController',
  'plugin' => NULL,
)
Request URL: /blog
Stack Trace:
#0 /var/www/html/app/webroot/index.php(118): Dispatcher->dispatch(Object(CakeRequest), Object(CakeResponse))
#1 /var/www/html/index.php(41): require('/var/www/html/a...')
#2 {main}
2025-06-29 14:43:45 Error: [MissingControllerException] Controller class CssController could not be found.
Exception Attributes: array (
  'class' => 'CssController',
  'plugin' => NULL,
)
Request URL: /css/cake.generic.css
Stack Trace:
#0 /var/www/html/app/webroot/index.php(118): Dispatcher->dispatch(Object(CakeRequest), Object(CakeResponse))
#1 /var/www/html/index.php(41): require('/var/www/html/a...')
#2 {main}
2025-06-29 14:43:45 Error: [MissingControllerException] Controller class ImgController could not be found.
Exception Attributes: array (
  'class' => 'ImgController',
  'plugin' => NULL,
)
Request URL: /img/cake.power.gif
Stack Trace:
#0 /var/www/html/app/webroot/index.php(118): Dispatcher->dispatch(Object(CakeRequest), Object(CakeResponse))
#1 /var/www/html/index.php(41): require('/var/www/html/a...')
#2 {main}
2025-06-29 14:43:53 Error: [MissingControllerException] Controller class BlogController could not be found.
Exception Attributes: array (
  'class' => 'BlogController',
  'plugin' => NULL,
)
Request URL: /blog/posts
Stack Trace:
#0 /var/www/html/app/webroot/index.php(118): Dispatcher->dispatch(Object(CakeRequest), Object(CakeResponse))
#1 /var/www/html/index.php(41): require('/var/www/html/a...')
#2 {main}
2025-06-29 14:43:53 Error: [MissingControllerException] Controller class CssController could not be found.
Exception Attributes: array (
  'class' => 'CssController',
  'plugin' => NULL,
)
Request URL: /css/cake.generic.css
Stack Trace:
#0 /var/www/html/app/webroot/index.php(118): Dispatcher->dispatch(Object(CakeRequest), Object(CakeResponse))
#1 /var/www/html/index.php(41): require('/var/www/html/a...')
#2 {main}
2025-06-29 14:43:53 Error: [MissingControllerException] Controller class ImgController could not be found.
Exception Attributes: array (
  'class' => 'ImgController',
  'plugin' => NULL,
)
Request URL: /img/cake.power.gif
Stack Trace:
#0 /var/www/html/app/webroot/index.php(118): Dispatcher->dispatch(Object(CakeRequest), Object(CakeResponse))
#1 /var/www/html/index.php(41): require('/var/www/html/a...')
#2 {main}
2025-06-29 14:44:34 Error: [MissingControllerException] Controller class BlogController could not be found.
Exception Attributes: array (
  'class' => 'BlogController',
  'plugin' => NULL,
)
Request URL: /blog/posts
Stack Trace:
#0 /var/www/html/app/webroot/index.php(118): Dispatcher->dispatch(Object(CakeRequest), Object(CakeResponse))
#1 /var/www/html/index.php(41): require('/var/www/html/a...')
#2 {main}
2025-06-29 14:44:34 Error: [MissingControllerException] Controller class CssController could not be found.
Exception Attributes: array (
  'class' => 'CssController',
  'plugin' => NULL,
)
Request URL: /css/cake.generic.css
Stack Trace:
#0 /var/www/html/app/webroot/index.php(118): Dispatcher->dispatch(Object(CakeRequest), Object(CakeResponse))
#1 /var/www/html/index.php(41): require('/var/www/html/a...')
#2 {main}
2025-06-29 14:44:34 Error: [MissingControllerException] Controller class ImgController could not be found.
Exception Attributes: array (
  'class' => 'ImgController',
  'plugin' => NULL,
)
Request URL: /img/cake.power.gif
Stack Trace:
#0 /var/www/html/app/webroot/index.php(118): Dispatcher->dispatch(Object(CakeRequest), Object(CakeResponse))
#1 /var/www/html/index.php(41): require('/var/www/html/a...')
#2 {main}
2025-06-29 14:46:40 Error: [MissingConnectionException] Database connection "Mysql" is missing, or could not be created.
Exception Attributes: array (
  'class' => 'Mysql',
  'message' => 'Selected driver is not enabled',
  'enabled' => false,
)
Request URL: /posts
Stack Trace:
#0 /var/www/html/lib/Cake/Model/ConnectionManager.php(105): DboSource->__construct(Array)
#1 /var/www/html/lib/Cake/Model/Model.php(3659): ConnectionManager::getDataSource('default')
#2 /var/www/html/lib/Cake/Model/Model.php(1162): Model->setDataSource('default')
#3 /var/www/html/lib/Cake/Model/Model.php(3686): Model->setSource('posts')
#4 /var/www/html/lib/Cake/Model/Model.php(3053): Model->getDataSource()
#5 /var/www/html/lib/Cake/Model/Model.php(3025): Model->_readDataSource('all', Array)
#6 /var/www/html/app/Controller/PostsController.php(7): Model->find('all')
#7 [internal function]: PostsController->index()
#8 /var/www/html/lib/Cake/Controller/Controller.php(499): ReflectionMethod->invokeArgs(Object(PostsController), Array)
#9 /var/www/html/lib/Cake/Routing/Dispatcher.php(193): Controller->invokeAction(Object(CakeRequest))
#10 /var/www/html/lib/Cake/Routing/Dispatcher.php(167): Dispatcher->_invoke(Object(PostsController), Object(CakeRequest))
#11 /var/www/html/app/webroot/index.php(118): Dispatcher->dispatch(Object(CakeRequest), Object(CakeResponse))
#12 /var/www/html/index.php(41): require('/var/www/html/a...')
#13 {main}
2025-06-29 14:46:40 Error: [MissingControllerException] Controller class CssController could not be found.
Exception Attributes: array (
  'class' => 'CssController',
  'plugin' => NULL,
)
Request URL: /css/cake.generic.css
Stack Trace:
#0 /var/www/html/app/webroot/index.php(118): Dispatcher->dispatch(Object(CakeRequest), Object(CakeResponse))
#1 /var/www/html/index.php(41): require('/var/www/html/a...')
#2 {main}
2025-06-29 14:46:40 Error: [MissingControllerException] Controller class ImgController could not be found.
Exception Attributes: array (
  'class' => 'ImgController',
  'plugin' => NULL,
)
Request URL: /img/cake.power.gif
Stack Trace:
#0 /var/www/html/app/webroot/index.php(118): Dispatcher->dispatch(Object(CakeRequest), Object(CakeResponse))
#1 /var/www/html/index.php(41): require('/var/www/html/a...')
#2 {main}
2025-06-29 14:47:15 Error: [MissingConnectionException] Database connection "Mysql" is missing, or could not be created.
Exception Attributes: array (
  'class' => 'Mysql',
  'message' => 'Selected driver is not enabled',
  'enabled' => false,
)
Request URL: /posts
Stack Trace:
#0 /var/www/html/lib/Cake/Model/ConnectionManager.php(105): DboSource->__construct(Array)
#1 /var/www/html/lib/Cake/Model/Model.php(3659): ConnectionManager::getDataSource('default')
#2 /var/www/html/lib/Cake/Model/Model.php(1162): Model->setDataSource('default')
#3 /var/www/html/lib/Cake/Model/Model.php(3686): Model->setSource('posts')
#4 /var/www/html/lib/Cake/Model/Model.php(3053): Model->getDataSource()
#5 /var/www/html/lib/Cake/Model/Model.php(3025): Model->_readDataSource('all', Array)
#6 /var/www/html/app/Controller/PostsController.php(7): Model->find('all')
#7 [internal function]: PostsController->index()
#8 /var/www/html/lib/Cake/Controller/Controller.php(499): ReflectionMethod->invokeArgs(Object(PostsController), Array)
#9 /var/www/html/lib/Cake/Routing/Dispatcher.php(193): Controller->invokeAction(Object(CakeRequest))
#10 /var/www/html/lib/Cake/Routing/Dispatcher.php(167): Dispatcher->_invoke(Object(PostsController), Object(CakeRequest))
#11 /var/www/html/app/webroot/index.php(118): Dispatcher->dispatch(Object(CakeRequest), Object(CakeResponse))
#12 /var/www/html/index.php(41): require('/var/www/html/a...')
#13 {main}
2025-06-29 14:47:15 Error: [MissingControllerException] Controller class CssController could not be found.
Exception Attributes: array (
  'class' => 'CssController',
  'plugin' => NULL,
)
Request URL: /css/cake.generic.css
Stack Trace:
#0 /var/www/html/app/webroot/index.php(118): Dispatcher->dispatch(Object(CakeRequest), Object(CakeResponse))
#1 /var/www/html/index.php(41): require('/var/www/html/a...')
#2 {main}
2025-06-29 14:47:15 Error: [MissingControllerException] Controller class ImgController could not be found.
Exception Attributes: array (
  'class' => 'ImgController',
  'plugin' => NULL,
)
Request URL: /img/cake.power.gif
Stack Trace:
#0 /var/www/html/app/webroot/index.php(118): Dispatcher->dispatch(Object(CakeRequest), Object(CakeResponse))
#1 /var/www/html/index.php(41): require('/var/www/html/a...')
#2 {main}
2025-06-29 14:48:29 Error: [MissingConnectionException] Database connection "Mysql" is missing, or could not be created.
Exception Attributes: array (
  'class' => 'Mysql',
  'message' => 'Selected driver is not enabled',
  'enabled' => false,
)
Request URL: /posts
Stack Trace:
#0 /var/www/html/lib/Cake/Model/ConnectionManager.php(105): DboSource->__construct(Array)
#1 /var/www/html/lib/Cake/Model/Model.php(3659): ConnectionManager::getDataSource('default')
#2 /var/www/html/lib/Cake/Model/Model.php(1162): Model->setDataSource('default')
#3 /var/www/html/lib/Cake/Model/Model.php(3686): Model->setSource('posts')
#4 /var/www/html/lib/Cake/Model/Model.php(3053): Model->getDataSource()
#5 /var/www/html/lib/Cake/Model/Model.php(3025): Model->_readDataSource('all', Array)
#6 /var/www/html/app/Controller/PostsController.php(7): Model->find('all')
#7 [internal function]: PostsController->index()
#8 /var/www/html/lib/Cake/Controller/Controller.php(499): ReflectionMethod->invokeArgs(Object(PostsController), Array)
#9 /var/www/html/lib/Cake/Routing/Dispatcher.php(193): Controller->invokeAction(Object(CakeRequest))
#10 /var/www/html/lib/Cake/Routing/Dispatcher.php(167): Dispatcher->_invoke(Object(PostsController), Object(CakeRequest))
#11 /var/www/html/app/webroot/index.php(118): Dispatcher->dispatch(Object(CakeRequest), Object(CakeResponse))
#12 /var/www/html/index.php(41): require('/var/www/html/a...')
#13 {main}
2025-06-29 14:48:29 Error: [MissingControllerException] Controller class CssController could not be found.
Exception Attributes: array (
  'class' => 'CssController',
  'plugin' => NULL,
)
Request URL: /css/cake.generic.css
Stack Trace:
#0 /var/www/html/app/webroot/index.php(118): Dispatcher->dispatch(Object(CakeRequest), Object(CakeResponse))
#1 /var/www/html/index.php(41): require('/var/www/html/a...')
#2 {main}
2025-06-29 14:48:29 Error: [MissingControllerException] Controller class ImgController could not be found.
Exception Attributes: array (
  'class' => 'ImgController',
  'plugin' => NULL,
)
Request URL: /img/cake.power.gif
Stack Trace:
#0 /var/www/html/app/webroot/index.php(118): Dispatcher->dispatch(Object(CakeRequest), Object(CakeResponse))
#1 /var/www/html/index.php(41): require('/var/www/html/a...')
#2 {main}
2025-06-29 14:51:41 Error: [MissingControllerException] Controller class CssController could not be found.
Exception Attributes: array (
  'class' => 'CssController',
  'plugin' => NULL,
)
Request URL: /css/cake.generic.css
Stack Trace:
#0 /var/www/html/app/webroot/index.php(118): Dispatcher->dispatch(Object(CakeRequest), Object(CakeResponse))
#1 /var/www/html/index.php(41): require('/var/www/html/a...')
#2 {main}
2025-06-29 14:51:41 Error: [MissingControllerException] Controller class ImgController could not be found.
Exception Attributes: array (
  'class' => 'ImgController',
  'plugin' => NULL,
)
Request URL: /img/cake.power.gif
Stack Trace:
#0 /var/www/html/app/webroot/index.php(118): Dispatcher->dispatch(Object(CakeRequest), Object(CakeResponse))
#1 /var/www/html/index.php(41): require('/var/www/html/a...')
#2 {main}
2025-06-29 23:56:37 Error: [MissingControllerException] Controller class CssController could not be found.
Exception Attributes: array (
  'class' => 'CssController',
  'plugin' => NULL,
)
Request URL: /css/cake.generic.css
Stack Trace:
#0 /var/www/html/app/webroot/index.php(118): Dispatcher->dispatch(Object(CakeRequest), Object(CakeResponse))
#1 /var/www/html/index.php(41): require('/var/www/html/a...')
#2 {main}
2025-06-29 23:56:37 Error: [MissingControllerException] Controller class ImgController could not be found.
Exception Attributes: array (
  'class' => 'ImgController',
  'plugin' => NULL,
)
Request URL: /img/cake.power.gif
Stack Trace:
#0 /var/www/html/app/webroot/index.php(118): Dispatcher->dispatch(Object(CakeRequest), Object(CakeResponse))
#1 /var/www/html/index.php(41): require('/var/www/html/a...')
#2 {main}
